<?xml version="1.0" encoding="UTF-8"?>
<!-- Generated by org.testng.reporters.JUnitReportReporter -->
<testsuite skipped="0" hostname="Prabu-PC" name="Test.GroupingExample" tests="4" failures="0" timestamp="29 Jul 2022 11:20:19 GMT" time="0.020" errors="0">
  <testcase name="vivo1" time="0.002" classname="Test.GroupingExample"/>
  <testcase name="vivo2" time="0.001" classname="Test.GroupingExample"/>
  <testcase name="nokia1" time="0.015" classname="Test.GroupingExample"/>
  <testcase name="nokia2" time="0.002" classname="Test.GroupingExample"/>
</testsuite> <!-- Test.GroupingExample -->
