<?xml version="1.0" encoding="UTF-8"?>
<!-- Generated by org.testng.reporters.JUnitReportReporter -->
<testsuite skipped="0" hostname="Prabu-PC" name="Test.HirarchyOfAnnotations" tests="1" failures="0" timestamp="30 Jul 2022 07:33:31 GMT" time="0.014" errors="0">
  <testcase name="f" time="0.014" classname="Test.HirarchyOfAnnotations"/>
</testsuite> <!-- Test.HirarchyOfAnnotations -->
