<?xml version="1.0" encoding="UTF-8"?>
<!-- Generated by org.testng.reporters.JUnitReportReporter -->
<testsuite skipped="0" hostname="Prabu-PC" name="Test.Parallel" tests="2" failures="0" timestamp="30 Jul 2022 06:19:29 GMT" time="71.105" errors="0">
  <testcase name="opengoogle" time="36.339" classname="Test.Parallel"/>
  <testcase name="openfacebook" time="34.766" classname="Test.Parallel"/>
</testsuite> <!-- Test.Parallel -->
