<?xml version="1.0" encoding="UTF-8"?>
<!-- Generated by org.testng.reporters.JUnitReportReporter -->
<testsuite skipped="2" hostname="Prabu-PC" name="testngPractice.Dataprovoider" tests="3" failures="0" timestamp="02 Sep 2022 04:53:39 GMT" time="3.768" errors="0">
  <testcase name="openFb" time="3.768" classname="testngPractice.Dataprovoider"/>
  <testcase name="opengoogle" classname="testngPractice.Dataprovoider">
    <skipped/>
  </testcase> <!-- opengoogle -->
  <testcase name="openyahoo" classname="testngPractice.Dataprovoider">
    <skipped/>
  </testcase> <!-- openyahoo -->
</testsuite> <!-- testngPractice.Dataprovoider -->
