<?xml version="1.0" encoding="UTF-8"?>
<!-- Generated by org.testng.reporters.JUnitReportReporter -->
<testsuite skipped="0" hostname="Prabu-PC" name="Test.Practice" tests="3" failures="0" timestamp="29 Jul 2022 10:52:16 GMT" time="0.013" errors="0">
  <testcase name="username" time="0.010" classname="Test.Practice"/>
  <testcase name="password" time="0.001" classname="Test.Practice"/>
  <testcase name="login" time="0.002" classname="Test.Practice"/>
</testsuite> <!-- Test.Practice -->
