<?xml version="1.0" encoding="UTF-8"?>
<!-- Generated by org.testng.reporters.JUnitReportReporter -->
<testsuite skipped="0" hostname="Prabu-PC" name="Test.Home" tests="3" failures="0" timestamp="29 Jul 2022 10:52:16 GMT" time="9.025" errors="0">
  <testcase name="opengoogle" time="3.794" classname="Test.Home"/>
  <testcase name="openyahoo" time="3.173" classname="Test.Home"/>
  <testcase name="openFb" time="2.058" classname="Test.Home"/>
</testsuite> <!-- Test.Home -->
