<?xml version="1.0" encoding="UTF-8"?>
<!-- Generated by org.testng.reporters.JUnitReportReporter -->
<testsuite skipped="0" hostname="Prabu-PC" name="Test.Parameterization" tests="3" failures="0" timestamp="30 Jul 2022 06:03:36 GMT" time="0.023" errors="0">
  <testcase name="Address" time="0.016" classname="Test.Parameterization"/>
  <testcase name="id" time="0.002" classname="Test.Parameterization"/>
  <testcase name="phno" time="0.005" classname="Test.Parameterization"/>
</testsuite> <!-- Test.Parameterization -->
